  Source.cpp
C:\Users\taras\OneDrive\Робочий стіл\Online_exchange\backend\c++\test\funcdll\funcdll\Source.cpp(12,1): warning C4305: 'initializing': truncation from 'double' to '_Ty'
          with
          [
              _Ty=float
          ]
C:\Users\taras\OneDrive\Робочий стіл\Online_exchange\backend\c++\test\funcdll\funcdll\Source.cpp(13,1): warning C4305: 'initializing': truncation from 'double' to '_Ty'
          with
          [
              _Ty=float
          ]
C:\Users\taras\OneDrive\Робочий стіл\Online_exchange\backend\c++\test\funcdll\funcdll\Source.cpp(14,1): warning C4305: 'initializing': truncation from 'double' to '_Ty'
          with
          [
              _Ty=float
          ]
C:\Users\taras\OneDrive\Робочий стіл\Online_exchange\backend\c++\test\funcdll\funcdll\Source.cpp(15,1): warning C4305: 'initializing': truncation from 'double' to '_Ty'
          with
          [
              _Ty=float
          ]
C:\Users\taras\OneDrive\Робочий стіл\Online_exchange\backend\c++\test\funcdll\funcdll\Source.cpp(16,1): warning C4305: 'initializing': truncation from 'double' to '_Ty'
          with
          [
              _Ty=float
          ]
C:\Users\taras\OneDrive\Робочий стіл\Online_exchange\backend\c++\test\funcdll\funcdll\Source.cpp(17,1): warning C4305: 'initializing': truncation from 'double' to '_Ty'
          with
          [
              _Ty=float
          ]
C:\Users\taras\OneDrive\Робочий стіл\Online_exchange\backend\c++\test\funcdll\funcdll\Source.cpp(18,1): warning C4305: 'initializing': truncation from 'double' to '_Ty'
          with
          [
              _Ty=float
          ]
     Creating library C:\Users\taras\OneDrive\Робочий стіл\Online_exchange\backend\c++\test\funcdll\x64\Release\funcdll.lib and object C:\Users\taras\OneDrive\Робочий стіл\Online_exchange\backend\c++\test\funcdll\x64\Release\funcdll.exp
  Generating code
  Previous IPDB not found, fall back to full compilation.
  All 264 functions were compiled because no usable IPDB/IOBJ from previous compilation was found.
  Finished generating code
  funcdll.vcxproj -> C:\Users\taras\OneDrive\Робочий стіл\Online_exchange\backend\c++\test\funcdll\x64\Release\funcdll.dll
