  Source.cpp
C:\Users\taras\OneDrive\Робочий стіл\Online_exchange\backend\c++\funcdll\Source.cpp(12,1): warning C4305: 'initializing': truncation from 'double' to '_Ty'
          with
          [
              _Ty=float
          ]
C:\Users\taras\OneDrive\Робочий стіл\Online_exchange\backend\c++\funcdll\Source.cpp(13,1): warning C4305: 'initializing': truncation from 'double' to '_Ty'
          with
          [
              _Ty=float
          ]
C:\Users\taras\OneDrive\Робочий стіл\Online_exchange\backend\c++\funcdll\Source.cpp(14,1): warning C4305: 'initializing': truncation from 'double' to '_Ty'
          with
          [
              _Ty=float
          ]
C:\Users\taras\OneDrive\Робочий стіл\Online_exchange\backend\c++\funcdll\Source.cpp(15,1): warning C4305: 'initializing': truncation from 'double' to '_Ty'
          with
          [
              _Ty=float
          ]
C:\Users\taras\OneDrive\Робочий стіл\Online_exchange\backend\c++\funcdll\Source.cpp(16,1): warning C4305: 'initializing': truncation from 'double' to '_Ty'
          with
          [
              _Ty=float
          ]
C:\Users\taras\OneDrive\Робочий стіл\Online_exchange\backend\c++\funcdll\Source.cpp(17,1): warning C4305: 'initializing': truncation from 'double' to '_Ty'
          with
          [
              _Ty=float
          ]
C:\Users\taras\OneDrive\Робочий стіл\Online_exchange\backend\c++\funcdll\Source.cpp(18,1): warning C4305: 'initializing': truncation from 'double' to '_Ty'
          with
          [
              _Ty=float
          ]
     Creating library C:\Users\taras\OneDrive\Робочий стіл\Online_exchange\backend\c++\x64\Release\funcdll.lib and object C:\Users\taras\OneDrive\Робочий стіл\Online_exchange\backend\c++\x64\Release\funcdll.exp
  Generating code
  261 of 264 functions (98.9%) were compiled, the rest were copied from previous compilation.
    2 functions were new in current compilation
    1 functions had inline decision re-evaluated but remain unchanged
  Finished generating code
  funcdll.vcxproj -> C:\Users\taras\OneDrive\Робочий стіл\Online_exchange\backend\c++\x64\Release\funcdll.dll
